<?xml version="1.0" encoding="UTF-8"?>
<!-- Generated by org.testng.reporters.JUnitXMLReporter -->
<testsuite hostname="libingxian" name="Test" tests="3" failures="1" timestamp="29 Mar 2017 09:19:05 GMT" time="0.376" errors="0">
  <testcase name="testMethodTwo" time="0.06" classname="com.testng.demo.SampleTest">
    <failure type="java.lang.AssertionError" message="expected [true] but found [false]">
      <![CDATA[java.lang.AssertionError: expected [true] but found [false]
	at com.testng.demo.SampleTest.testMethodTwo(SampleTest.java:14)
... Removed 28 stack frames]]>
    </failure>
  </testcase> <!-- testMethodTwo -->
  <testcase name="testMethodOne" time="0.008" classname="com.testng.demo.SampleTest"/>
  <testcase name="testMethodThree" time="0.154" classname="com.testng.demo.SampleTest">
    <skipped/>
  </testcase> <!-- testMethodThree -->
</testsuite> <!-- Test -->
